<?xml version="1.0" encoding="UTF-8"?>
<!-- Generated by org.testng.reporters.JUnitXMLReporter -->
<testsuite ignored="0" hostname="DESKTOP-4II4DM0" failures="0" tests="4" name="Default test" time="6.196" errors="0" timestamp="2024-05-15T18:11:52 IST">
  <testcase classname="com.qa.opencart.tests.LoginPageTest" name="ForgotPwdlinkExistTest" time="0.069"/>
  <testcase classname="com.qa.opencart.tests.LoginPageTest" name="LoginPageTitleTest" time="0.011"/>
  <testcase classname="com.qa.opencart.tests.LoginPageTest" name="LoginPageUrlTest" time="0.016"/>
  <testcase classname="com.qa.opencart.tests.LoginPageTest" name="loginTest" time="0.826"/>
</testsuite> <!-- Default test -->
