<?xml version="1.0" encoding="UTF-8"?>
<testng-results ignored="0" total="4" passed="4" failed="0" skipped="0">
  <reporter-output>
  </reporter-output>
  <suite started-at="2024-05-15T18:11:46 IST" name="Default suite" finished-at="2024-05-15T18:11:52 IST" duration-ms="6196">
    <groups>
    </groups>
    <test started-at="2024-05-15T18:11:46 IST" name="Default test" finished-at="2024-05-15T18:11:52 IST" duration-ms="6196">
      <class name="com.qa.opencart.tests.LoginPageTest">
        <test-method is-config="true" signature="setup()[pri:0, instance:com.qa.opencart.tests.LoginPageTest@194bcebf]" started-at="2024-05-15T18:11:46 IST" name="setup" finished-at="2024-05-15T18:11:51 IST" duration-ms="5230" status="PASS">
          <reporter-output>
          </reporter-output>
        </test-method> <!-- setup -->
        <test-method signature="ForgotPwdlinkExistTest()[pri:0, instance:com.qa.opencart.tests.LoginPageTest@194bcebf]" started-at="2024-05-15T18:11:51 IST" name="ForgotPwdlinkExistTest" finished-at="2024-05-15T18:11:51 IST" duration-ms="69" status="PASS">
          <reporter-output>
          </reporter-output>
        </test-method> <!-- ForgotPwdlinkExistTest -->
        <test-method signature="LoginPageTitleTest()[pri:0, instance:com.qa.opencart.tests.LoginPageTest@194bcebf]" started-at="2024-05-15T18:11:51 IST" name="LoginPageTitleTest" finished-at="2024-05-15T18:11:51 IST" duration-ms="11" status="PASS">
          <reporter-output>
          </reporter-output>
        </test-method> <!-- LoginPageTitleTest -->
        <test-method signature="LoginPageUrlTest()[pri:0, instance:com.qa.opencart.tests.LoginPageTest@194bcebf]" started-at="2024-05-15T18:11:51 IST" name="LoginPageUrlTest" finished-at="2024-05-15T18:11:51 IST" duration-ms="16" status="PASS">
          <reporter-output>
          </reporter-output>
        </test-method> <!-- LoginPageUrlTest -->
        <test-method signature="loginTest()[pri:0, instance:com.qa.opencart.tests.LoginPageTest@194bcebf]" started-at="2024-05-15T18:11:51 IST" name="loginTest" finished-at="2024-05-15T18:11:52 IST" duration-ms="826" status="PASS">
          <reporter-output>
          </reporter-output>
        </test-method> <!-- loginTest -->
      </class> <!-- com.qa.opencart.tests.LoginPageTest -->
    </test> <!-- Default test -->
  </suite> <!-- Default suite -->
</testng-results>
